

Started GET "/" for ::1 at 2015-03-21 15:04:27 +1100
Processing by ApplicationController#hello as HTML
  Rendered text template (0.0ms)
Completed 200 OK in 61ms (Views: 38.3ms | ActiveRecord: 0.0ms)


Started GET "/" for ::1 at 2015-03-21 15:39:19 +1100
Processing by ApplicationController#hello as HTML
  Rendered text template (0.0ms)
Completed 200 OK in 36ms (Views: 17.5ms | ActiveRecord: 0.0ms)


Started GET "/static_pages/help" for ::1 at 2015-03-21 15:39:25 +1100
Processing by StaticPagesController#help as HTML
  Rendered static_pages/help.html.erb within layouts/application (5.3ms)
Completed 200 OK in 1893ms (Views: 1892.1ms | ActiveRecord: 0.0ms)


Started GET "/assets/static_pages-64e62ddc273c2f5847f30d698ca14b67.css?body=1" for ::1 at 2015-03-21 15:39:27 +1100


Started GET "/assets/turbolinks-d9dcd5206ee131f11181e8ca09537148.js?body=1" for ::1 at 2015-03-21 15:39:27 +1100


Started GET "/assets/jquery_ujs-e27bd20a10d28155845a22d71ef94f2f.js?body=1" for ::1 at 2015-03-21 15:39:27 +1100


Started GET "/assets/static_pages-fcec5b5a277ac7c20cc9f45a209a3bcd.js?body=1" for ::1 at 2015-03-21 15:39:27 +1100


Started GET "/assets/application-5266d2988799ecc8fe6e81eaab412e7d.css?body=1" for ::1 at 2015-03-21 15:39:27 +1100


Started GET "/assets/application-d77e26a9db634716dc7025f7c9ba9139.js?body=1" for ::1 at 2015-03-21 15:39:27 +1100


Started GET "/assets/jquery-87424c3c19e96d4fb033c10ebe21ec40.js?body=1" for ::1 at 2015-03-21 15:39:27 +1100


Started GET "/static_pages/about" for ::1 at 2015-03-21 16:21:15 +1100
Processing by StaticPagesController#about as HTML
  Rendered static_pages/about.html.erb within layouts/application (2.7ms)
Completed 200 OK in 1815ms (Views: 1777.7ms | ActiveRecord: 0.0ms)


Started GET "/" for ::1 at 2015-03-21 16:49:15 +1100
Processing by StaticPagesController#home as HTML
  Rendered static_pages/home.html.erb within layouts/application (2.7ms)
Completed 200 OK in 188ms (Views: 175.0ms | ActiveRecord: 0.0ms)
  [1m[36m (3.0ms)[0m  [1mCREATE TABLE "schema_migrations" ("version" varchar NOT NULL) [0m
  [1m[35m (0.7ms)[0m  select sqlite_version(*)
  [1m[36m (1.4ms)[0m  [1mCREATE UNIQUE INDEX "unique_schema_migrations" ON "schema_migrations" ("version")[0m
  [1m[35mActiveRecord::SchemaMigration Load (0.1ms)[0m  SELECT "schema_migrations".* FROM "schema_migrations"
